# JRE version: Java(TM) SE Runtime Environment (8.0_131-b11) (build 1.8.0_131-b11)
# Java VM: Java HotSpot(TM) 64-Bit Server VM (25.131-b11 mixed mode windows-amd64 compressed oops)
Heap:
 PSYoungGen      total 197120K, used 178212K [0x0000000798800000, 0x00000007a7780000, 0x00000007c0000000)
  eden space 185856K, 95% used [0x0000000798800000,0x00000007a36091a0,0x00000007a3d80000)
  from space 11264K, 0% used [0x00000007a4880000,0x00000007a4880000,0x00000007a5380000)
  to   space 11264K, 0% used [0x00000007a3d80000,0x00000007a3d80000,0x00000007a4880000)
 ParOldGen       total 60416K, used 12653K [0x0000000749800000, 0x000000074d300000, 0x0000000798800000)
  object space 60416K, 20% used [0x0000000749800000,0x000000074a45b6d8,0x000000074d300000)
 Metaspace       used 42682K, capacity 45106K, committed 45232K, reserved 1089536K
  class space    used 5569K, capacity 6041K, committed 6064K, reserved 1048576K
GC Heap History (10 events):
Event: 4.470 GC heap before
{Heap before GC invocations=6 (full 1):
 PSYoungGen      total 66560K, used 5101K [0x0000000798800000, 0x00000007a1100000, 0x00000007c0000000)
  eden space 61440K, 0% used [0x0000000798800000,0x0000000798800000,0x000000079c400000)
  from space 5120K, 99% used [0x000000079c400000,0x000000079c8fb6e8,0x000000079c900000)
  to   space 8704K, 0% used [0x00000007a0880000,0x00000007a0880000,0x00000007a1100000)
 ParOldGen       total 81920K, used 7431K [0x0000000749800000, 0x000000074e800000, 0x0000000798800000)
  object space 81920K, 9% used [0x0000000749800000,0x0000000749f41fd0,0x000000074e800000)
 Metaspace       used 20488K, capacity 21280K, committed 21296K, reserved 1067008K
  class space    used 2669K, capacity 2852K, committed 2864K, reserved 1048576K
Event: 4.544 GC heap after
Heap after GC invocations=6 (full 1):
 PSYoungGen      total 66560K, used 0K [0x0000000798800000, 0x00000007a1100000, 0x00000007c0000000)
  eden space 61440K, 0% used [0x0000000798800000,0x0000000798800000,0x000000079c400000)
  from space 5120K, 0% used [0x000000079c400000,0x000000079c400000,0x000000079c900000)
  to   space 8704K, 0% used [0x00000007a0880000,0x00000007a0880000,0x00000007a1100000)
 ParOldGen       total 47616K, used 7410K [0x0000000749800000, 0x000000074c680000, 0x0000000798800000)
  object space 47616K, 15% used [0x0000000749800000,0x0000000749f3cbc8,0x000000074c680000)
 Metaspace       used 20488K, capacity 21280K, committed 21296K, reserved 1067008K
  class space    used 2669K, capacity 2852K, committed 2864K, reserved 1048576K
}
Event: 5.622 GC heap before
{Heap before GC invocations=7 (full 1):
 PSYoungGen      total 66560K, used 61440K [0x0000000798800000, 0x00000007a1100000, 0x00000007c0000000)
  eden space 61440K, 100% used [0x0000000798800000,0x000000079c400000,0x000000079c400000)
  from space 5120K, 0% used [0x000000079c400000,0x000000079c400000,0x000000079c900000)
  to   space 8704K, 0% used [0x00000007a0880000,0x00000007a0880000,0x00000007a1100000)
 ParOldGen       total 47616K, used 7410K [0x0000000749800000, 0x000000074c680000, 0x0000000798800000)
  object space 47616K, 15% used [0x0000000749800000,0x0000000749f3cbc8,0x000000074c680000)
 Metaspace       used 24043K, capacity 25222K, committed 25520K, reserved 1071104K
  class space    used 3181K, capacity 3425K, committed 3504K, reserved 1048576K
Event: 5.635 GC heap after
Heap after GC invocations=7 (full 1):
 PSYoungGen      total 115200K, used 6254K [0x0000000798800000, 0x00000007a0f00000, 0x00000007c0000000)
  eden space 108544K, 0% used [0x0000000798800000,0x0000000798800000,0x000000079f200000)
  from space 6656K, 93% used [0x00000007a0880000,0x00000007a0e9bb00,0x00000007a0f00000)
  to   space 8192K, 0% used [0x000000079ff00000,0x000000079ff00000,0x00000007a0700000)
 ParOldGen       total 47616K, used 7418K [0x0000000749800000, 0x000000074c680000, 0x0000000798800000)
  object space 47616K, 15% used [0x0000000749800000,0x0000000749f3ebc8,0x000000074c680000)
 Metaspace       used 24043K, capacity 25222K, committed 25520K, reserved 1071104K
  class space    used 3181K, capacity 3425K, committed 3504K, reserved 1048576K
}
Event: 9.733 GC heap before
{Heap before GC invocations=8 (full 1):
 PSYoungGen      total 115200K, used 114798K [0x0000000798800000, 0x00000007a0f00000, 0x00000007c0000000)
  eden space 108544K, 100% used [0x0000000798800000,0x000000079f200000,0x000000079f200000)
  from space 6656K, 93% used [0x00000007a0880000,0x00000007a0e9bb00,0x00000007a0f00000)
  to   space 8192K, 0% used [0x000000079ff00000,0x000000079ff00000,0x00000007a0700000)
 ParOldGen       total 47616K, used 7418K [0x0000000749800000, 0x000000074c680000, 0x0000000798800000)
  object space 47616K, 15% used [0x0000000749800000,0x0000000749f3ebc8,0x000000074c680000)
 Metaspace       used 32899K, capacity 34792K, committed 34992K, reserved 1079296K
  class space    used 4367K, capacity 4744K, committed 4784K, reserved 1048576K
Event: 9.748 GC heap after
Heap after GC invocations=8 (full 1):
 PSYoungGen      total 130048K, used 8189K [0x0000000798800000, 0x00000007a5380000, 0x00000007c0000000)
  eden space 121856K, 0% used [0x0000000798800000,0x0000000798800000,0x000000079ff00000)
  from space 8192K, 99% used [0x000000079ff00000,0x00000007a06ff5a8,0x00000007a0700000)
  to   space 11264K, 0% used [0x00000007a4880000,0x00000007a4880000,0x00000007a5380000)
 ParOldGen       total 47616K, used 12117K [0x0000000749800000, 0x000000074c680000, 0x0000000798800000)
  object space 47616K, 25% used [0x0000000749800000,0x000000074a3d5580,0x000000074c680000)
 Metaspace       used 32899K, capacity 34792K, committed 34992K, reserved 1079296K
  class space    used 4367K, capacity 4744K, committed 4784K, reserved 1048576K
}
Event: 9.892 GC heap before
{Heap before GC invocations=9 (full 1):
 PSYoungGen      total 130048K, used 20124K [0x0000000798800000, 0x00000007a5380000, 0x00000007c0000000)
  eden space 121856K, 9% used [0x0000000798800000,0x00000007993a7bc8,0x000000079ff00000)
  from space 8192K, 99% used [0x000000079ff00000,0x00000007a06ff5a8,0x00000007a0700000)
  to   space 11264K, 0% used [0x00000007a4880000,0x00000007a4880000,0x00000007a5380000)
 ParOldGen       total 47616K, used 12117K [0x0000000749800000, 0x000000074c680000, 0x0000000798800000)
  object space 47616K, 25% used [0x0000000749800000,0x000000074a3d5580,0x000000074c680000)
 Metaspace       used 33480K, capacity 35426K, committed 35496K, reserved 1079296K
  class space    used 4458K, capacity 4859K, committed 4912K, reserved 1048576K
Event: 9.926 GC heap after
Heap after GC invocations=9 (full 1):
 PSYoungGen      total 197120K, used 7089K [0x0000000798800000, 0x00000007a7780000, 0x00000007c0000000)
  eden space 185856K, 0% used [0x0000000798800000,0x0000000798800000,0x00000007a3d80000)
  from space 11264K, 62% used [0x00000007a4880000,0x00000007a4f6c580,0x00000007a5380000)
  to   space 11264K, 0% used [0x00000007a3d80000,0x00000007a3d80000,0x00000007a4880000)
 ParOldGen       total 47616K, used 12125K [0x0000000749800000, 0x000000074c680000, 0x0000000798800000)
  object space 47616K, 25% used [0x0000000749800000,0x000000074a3d7580,0x000000074c680000)
 Metaspace       used 33480K, capacity 35426K, committed 35496K, reserved 1079296K
  class space    used 4458K, capacity 4859K, committed 4912K, reserved 1048576K
}
Event: 9.926 GC heap before
{Heap before GC invocations=10 (full 2):
 PSYoungGen      total 197120K, used 7089K [0x0000000798800000, 0x00000007a7780000, 0x00000007c0000000)
  eden space 185856K, 0% used [0x0000000798800000,0x0000000798800000,0x00000007a3d80000)
  from space 11264K, 62% used [0x00000007a4880000,0x00000007a4f6c580,0x00000007a5380000)
  to   space 11264K, 0% used [0x00000007a3d80000,0x00000007a3d80000,0x00000007a4880000)
 ParOldGen       total 47616K, used 12125K [0x0000000749800000, 0x000000074c680000, 0x0000000798800000)
  object space 47616K, 25% used [0x0000000749800000,0x000000074a3d7580,0x000000074c680000)
 Metaspace       used 33480K, capacity 35426K, committed 35496K, reserved 1079296K
  class space    used 4458K, capacity 4859K, committed 4912K, reserved 1048576K
Event: 9.995 GC heap after
Heap after GC invocations=10 (full 2):
 PSYoungGen      total 197120K, used 0K [0x0000000798800000, 0x00000007a7780000, 0x00000007c0000000)
  eden space 185856K, 0% used [0x0000000798800000,0x0000000798800000,0x00000007a3d80000)
  from space 11264K, 0% used [0x00000007a4880000,0x00000007a4880000,0x00000007a5380000)
  to   space 11264K, 0% used [0x00000007a3d80000,0x00000007a3d80000,0x00000007a4880000)
 ParOldGen       total 60416K, used 12653K [0x0000000749800000, 0x000000074d300000, 0x0000000798800000)
  object space 60416K, 20% used [0x0000000749800000,0x000000074a45b6d8,0x000000074d300000)
 Metaspace       used 33480K, capacity 35426K, committed 35496K, reserved 1079296K
  class space    used 4458K, capacity 4859K, committed 4912K, reserved 1048576K
}

