# JRE version: Java(TM) SE Runtime Environment (8.0_131-b11) (build 1.8.0_131-b11)
# Java VM: Java HotSpot(TM) 64-Bit Server VM (25.131-b11 mixed mode windows-amd64 compressed oops)
Heap:
 PSYoungGen      total 66560K, used 20091K [0x00000000d8800000, 0x00000000dce00000, 0x0000000100000000)
  eden space 61440K, 24% used [0x00000000d8800000,0x00000000d969f5d0,0x00000000dc400000)
  from space 5120K, 99% used [0x00000000dc900000,0x00000000dcdff6d8,0x00000000dce00000)
  to   space 5120K, 0% used [0x00000000dc400000,0x00000000dc400000,0x00000000dc900000)
 ParOldGen       total 81920K, used 6068K [0x0000000089800000, 0x000000008e800000, 0x00000000d8800000)
  object space 81920K, 7% used [0x0000000089800000,0x0000000089ded198,0x000000008e800000)
 Metaspace       used 20109K, capacity 20928K, committed 21120K, reserved 1067008K
  class space    used 2625K, capacity 2820K, committed 2944K, reserved 1048576K
GC Heap History (8 events):
Event: 1.292 GC heap before
{Heap before GC invocations=1 (full 0):
 PSYoungGen      total 35840K, used 30720K [0x00000000d8800000, 0x00000000db000000, 0x0000000100000000)
  eden space 30720K, 100% used [0x00000000d8800000,0x00000000da600000,0x00000000da600000)
  from space 5120K, 0% used [0x00000000dab00000,0x00000000dab00000,0x00000000db000000)
  to   space 5120K, 0% used [0x00000000da600000,0x00000000da600000,0x00000000dab00000)
 ParOldGen       total 81920K, used 0K [0x0000000089800000, 0x000000008e800000, 0x00000000d8800000)
  object space 81920K, 0% used [0x0000000089800000,0x0000000089800000,0x000000008e800000)
 Metaspace       used 10719K, capacity 10934K, committed 11136K, reserved 1058816K
  class space    used 1317K, capacity 1387K, committed 1408K, reserved 1048576K
Event: 1.298 GC heap after
Heap after GC invocations=1 (full 0):
 PSYoungGen      total 35840K, used 4621K [0x00000000d8800000, 0x00000000db000000, 0x0000000100000000)
  eden space 30720K, 0% used [0x00000000d8800000,0x00000000d8800000,0x00000000da600000)
  from space 5120K, 90% used [0x00000000da600000,0x00000000daa83648,0x00000000dab00000)
  to   space 5120K, 0% used [0x00000000dab00000,0x00000000dab00000,0x00000000db000000)
 ParOldGen       total 81920K, used 8K [0x0000000089800000, 0x000000008e800000, 0x00000000d8800000)
  object space 81920K, 0% used [0x0000000089800000,0x0000000089802000,0x000000008e800000)
 Metaspace       used 10719K, capacity 10934K, committed 11136K, reserved 1058816K
  class space    used 1317K, capacity 1387K, committed 1408K, reserved 1048576K
}
Event: 1.545 GC heap before
{Heap before GC invocations=2 (full 0):
 PSYoungGen      total 35840K, used 35341K [0x00000000d8800000, 0x00000000db000000, 0x0000000100000000)
  eden space 30720K, 100% used [0x00000000d8800000,0x00000000da600000,0x00000000da600000)
  from space 5120K, 90% used [0x00000000da600000,0x00000000daa83648,0x00000000dab00000)
  to   space 5120K, 0% used [0x00000000dab00000,0x00000000dab00000,0x00000000db000000)
 ParOldGen       total 81920K, used 8K [0x0000000089800000, 0x000000008e800000, 0x00000000d8800000)
  object space 81920K, 0% used [0x0000000089800000,0x0000000089802000,0x000000008e800000)
 Metaspace       used 14558K, capacity 15114K, committed 15360K, reserved 1062912K
  class space    used 1873K, capacity 2023K, committed 2048K, reserved 1048576K
Event: 1.552 GC heap after
Heap after GC invocations=2 (full 0):
 PSYoungGen      total 35840K, used 5109K [0x00000000d8800000, 0x00000000dce00000, 0x0000000100000000)
  eden space 30720K, 0% used [0x00000000d8800000,0x00000000d8800000,0x00000000da600000)
  from space 5120K, 99% used [0x00000000dab00000,0x00000000daffd768,0x00000000db000000)
  to   space 5120K, 0% used [0x00000000da600000,0x00000000da600000,0x00000000dab00000)
 ParOldGen       total 81920K, used 1357K [0x0000000089800000, 0x000000008e800000, 0x00000000d8800000)
  object space 81920K, 1% used [0x0000000089800000,0x0000000089953638,0x000000008e800000)
 Metaspace       used 14558K, capacity 15114K, committed 15360K, reserved 1062912K
  class space    used 1873K, capacity 2023K, committed 2048K, reserved 1048576K
}
Event: 1.693 GC heap before
{Heap before GC invocations=3 (full 0):
 PSYoungGen      total 35840K, used 35829K [0x00000000d8800000, 0x00000000dce00000, 0x0000000100000000)
  eden space 30720K, 100% used [0x00000000d8800000,0x00000000da600000,0x00000000da600000)
  from space 5120K, 99% used [0x00000000dab00000,0x00000000daffd768,0x00000000db000000)
  to   space 5120K, 0% used [0x00000000da600000,0x00000000da600000,0x00000000dab00000)
 ParOldGen       total 81920K, used 1357K [0x0000000089800000, 0x000000008e800000, 0x00000000d8800000)
  object space 81920K, 1% used [0x0000000089800000,0x0000000089953638,0x000000008e800000)
 Metaspace       used 17668K, capacity 18342K, committed 18432K, reserved 1064960K
  class space    used 2294K, capacity 2477K, committed 2560K, reserved 1048576K
Event: 1.701 GC heap after
Heap after GC invocations=3 (full 0):
 PSYoungGen      total 35840K, used 5102K [0x00000000d8800000, 0x00000000dce00000, 0x0000000100000000)
  eden space 30720K, 0% used [0x00000000d8800000,0x00000000d8800000,0x00000000da600000)
  from space 5120K, 99% used [0x00000000da600000,0x00000000daafba48,0x00000000dab00000)
  to   space 5120K, 0% used [0x00000000dc900000,0x00000000dc900000,0x00000000dce00000)
 ParOldGen       total 81920K, used 3547K [0x0000000089800000, 0x000000008e800000, 0x00000000d8800000)
  object space 81920K, 4% used [0x0000000089800000,0x0000000089b76e90,0x000000008e800000)
 Metaspace       used 17668K, capacity 18342K, committed 18432K, reserved 1064960K
  class space    used 2294K, capacity 2477K, committed 2560K, reserved 1048576K
}
Event: 1.943 GC heap before
{Heap before GC invocations=4 (full 0):
 PSYoungGen      total 35840K, used 35822K [0x00000000d8800000, 0x00000000dce00000, 0x0000000100000000)
  eden space 30720K, 100% used [0x00000000d8800000,0x00000000da600000,0x00000000da600000)
  from space 5120K, 99% used [0x00000000da600000,0x00000000daafba48,0x00000000dab00000)
  to   space 5120K, 0% used [0x00000000dc900000,0x00000000dc900000,0x00000000dce00000)
 ParOldGen       total 81920K, used 3547K [0x0000000089800000, 0x000000008e800000, 0x00000000d8800000)
  object space 81920K, 4% used [0x0000000089800000,0x0000000089b76e90,0x000000008e800000)
 Metaspace       used 19707K, capacity 20460K, committed 20736K, reserved 1067008K
  class space    used 2562K, capacity 2742K, committed 2816K, reserved 1048576K
Event: 1.952 GC heap after
Heap after GC invocations=4 (full 0):
 PSYoungGen      total 66560K, used 5117K [0x00000000d8800000, 0x00000000dce00000, 0x0000000100000000)
  eden space 61440K, 0% used [0x00000000d8800000,0x00000000d8800000,0x00000000dc400000)
  from space 5120K, 99% used [0x00000000dc900000,0x00000000dcdff6d8,0x00000000dce00000)
  to   space 5120K, 0% used [0x00000000dc400000,0x00000000dc400000,0x00000000dc900000)
 ParOldGen       total 81920K, used 6068K [0x0000000089800000, 0x000000008e800000, 0x00000000d8800000)
  object space 81920K, 7% used [0x0000000089800000,0x0000000089ded198,0x000000008e800000)
 Metaspace       used 19707K, capacity 20460K, committed 20736K, reserved 1067008K
  class space    used 2562K, capacity 2742K, committed 2816K, reserved 1048576K
}

