# JRE version: Java(TM) SE Runtime Environment (8.0_131-b11) (build 1.8.0_131-b11)
# Java VM: Java HotSpot(TM) 64-Bit Server VM (25.131-b11 mixed mode windows-amd64 compressed oops)
Heap:
 PSYoungGen      total 188928K, used 125439K [0x0000000798800000, 0x00000007a9b80000, 0x00000007c0000000)
  eden space 177664K, 64% used [0x0000000798800000,0x000000079f782300,0x00000007a3580000)
  from space 11264K, 99% used [0x00000007a3580000,0x00000007a407db78,0x00000007a4080000)
  to   space 12288K, 0% used [0x00000007a8f80000,0x00000007a8f80000,0x00000007a9b80000)
 ParOldGen       total 64512K, used 13213K [0x0000000749800000, 0x000000074d700000, 0x0000000798800000)
  object space 64512K, 20% used [0x0000000749800000,0x000000074a4e74b8,0x000000074d700000)
 Metaspace       used 48959K, capacity 52124K, committed 52224K, reserved 1095680K
  class space    used 6349K, capacity 6907K, committed 6912K, reserved 1048576K
GC Heap History (10 events):
Event: 2.231 GC heap before
{Heap before GC invocations=7 (full 1):
 PSYoungGen      total 66560K, used 61440K [0x0000000798800000, 0x00000007a1100000, 0x00000007c0000000)
  eden space 61440K, 100% used [0x0000000798800000,0x000000079c400000,0x000000079c400000)
  from space 5120K, 0% used [0x000000079c400000,0x000000079c400000,0x000000079c900000)
  to   space 8704K, 0% used [0x00000007a0880000,0x00000007a0880000,0x00000007a1100000)
 ParOldGen       total 49664K, used 7517K [0x0000000749800000, 0x000000074c880000, 0x0000000798800000)
  object space 49664K, 15% used [0x0000000749800000,0x0000000749f575f0,0x000000074c880000)
 Metaspace       used 24073K, capacity 25222K, committed 25472K, reserved 1071104K
  class space    used 3183K, capacity 3425K, committed 3456K, reserved 1048576K
Event: 2.240 GC heap after
Heap after GC invocations=7 (full 1):
 PSYoungGen      total 112640K, used 6322K [0x0000000798800000, 0x00000007a0f00000, 0x00000007c0000000)
  eden space 105984K, 0% used [0x0000000798800000,0x0000000798800000,0x000000079ef80000)
  from space 6656K, 94% used [0x00000007a0880000,0x00000007a0eacae0,0x00000007a0f00000)
  to   space 8192K, 0% used [0x000000079ff00000,0x000000079ff00000,0x00000007a0700000)
 ParOldGen       total 49664K, used 7525K [0x0000000749800000, 0x000000074c880000, 0x0000000798800000)
  object space 49664K, 15% used [0x0000000749800000,0x0000000749f595f0,0x000000074c880000)
 Metaspace       used 24073K, capacity 25222K, committed 25472K, reserved 1071104K
  class space    used 3183K, capacity 3425K, committed 3456K, reserved 1048576K
}
Event: 4.118 GC heap before
{Heap before GC invocations=8 (full 1):
 PSYoungGen      total 112640K, used 112306K [0x0000000798800000, 0x00000007a0f00000, 0x00000007c0000000)
  eden space 105984K, 100% used [0x0000000798800000,0x000000079ef80000,0x000000079ef80000)
  from space 6656K, 94% used [0x00000007a0880000,0x00000007a0eacae0,0x00000007a0f00000)
  to   space 8192K, 0% used [0x000000079ff00000,0x000000079ff00000,0x00000007a0700000)
 ParOldGen       total 49664K, used 7525K [0x0000000749800000, 0x000000074c880000, 0x0000000798800000)
  object space 49664K, 15% used [0x0000000749800000,0x0000000749f595f0,0x000000074c880000)
 Metaspace       used 32948K, capacity 34920K, committed 35072K, reserved 1079296K
  class space    used 4369K, capacity 4744K, committed 4864K, reserved 1048576K
Event: 4.129 GC heap after
Heap after GC invocations=8 (full 1):
 PSYoungGen      total 130048K, used 8177K [0x0000000798800000, 0x00000007a4b80000, 0x00000007c0000000)
  eden space 121856K, 0% used [0x0000000798800000,0x0000000798800000,0x000000079ff00000)
  from space 8192K, 99% used [0x000000079ff00000,0x00000007a06fc460,0x00000007a0700000)
  to   space 11264K, 0% used [0x00000007a4080000,0x00000007a4080000,0x00000007a4b80000)
 ParOldGen       total 49664K, used 12255K [0x0000000749800000, 0x000000074c880000, 0x0000000798800000)
  object space 49664K, 24% used [0x0000000749800000,0x000000074a3f7c10,0x000000074c880000)
 Metaspace       used 32948K, capacity 34920K, committed 35072K, reserved 1079296K
  class space    used 4369K, capacity 4744K, committed 4864K, reserved 1048576K
}
Event: 4.164 GC heap before
{Heap before GC invocations=9 (full 1):
 PSYoungGen      total 130048K, used 19438K [0x0000000798800000, 0x00000007a4b80000, 0x00000007c0000000)
  eden space 121856K, 9% used [0x0000000798800000,0x00000007992ff6f0,0x000000079ff00000)
  from space 8192K, 99% used [0x000000079ff00000,0x00000007a06fc460,0x00000007a0700000)
  to   space 11264K, 0% used [0x00000007a4080000,0x00000007a4080000,0x00000007a4b80000)
 ParOldGen       total 49664K, used 12255K [0x0000000749800000, 0x000000074c880000, 0x0000000798800000)
  object space 49664K, 24% used [0x0000000749800000,0x000000074a3f7c10,0x000000074c880000)
 Metaspace       used 33473K, capacity 35476K, committed 35496K, reserved 1079296K
  class space    used 4445K, capacity 4844K, committed 4864K, reserved 1048576K
Event: 4.171 GC heap after
Heap after GC invocations=9 (full 1):
 PSYoungGen      total 188928K, used 7062K [0x0000000798800000, 0x00000007a7680000, 0x00000007c0000000)
  eden space 177664K, 0% used [0x0000000798800000,0x0000000798800000,0x00000007a3580000)
  from space 11264K, 62% used [0x00000007a4080000,0x00000007a4765ae8,0x00000007a4b80000)
  to   space 11264K, 0% used [0x00000007a3580000,0x00000007a3580000,0x00000007a4080000)
 ParOldGen       total 49664K, used 12263K [0x0000000749800000, 0x000000074c880000, 0x0000000798800000)
  object space 49664K, 24% used [0x0000000749800000,0x000000074a3f9c10,0x000000074c880000)
 Metaspace       used 33473K, capacity 35476K, committed 35496K, reserved 1079296K
  class space    used 4445K, capacity 4844K, committed 4864K, reserved 1048576K
}
Event: 4.171 GC heap before
{Heap before GC invocations=10 (full 2):
 PSYoungGen      total 188928K, used 7062K [0x0000000798800000, 0x00000007a7680000, 0x00000007c0000000)
  eden space 177664K, 0% used [0x0000000798800000,0x0000000798800000,0x00000007a3580000)
  from space 11264K, 62% used [0x00000007a4080000,0x00000007a4765ae8,0x00000007a4b80000)
  to   space 11264K, 0% used [0x00000007a3580000,0x00000007a3580000,0x00000007a4080000)
 ParOldGen       total 49664K, used 12263K [0x0000000749800000, 0x000000074c880000, 0x0000000798800000)
  object space 49664K, 24% used [0x0000000749800000,0x000000074a3f9c10,0x000000074c880000)
 Metaspace       used 33473K, capacity 35476K, committed 35496K, reserved 1079296K
  class space    used 4445K, capacity 4844K, committed 4864K, reserved 1048576K
Event: 4.212 GC heap after
Heap after GC invocations=10 (full 2):
 PSYoungGen      total 188928K, used 0K [0x0000000798800000, 0x00000007a7680000, 0x00000007c0000000)
  eden space 177664K, 0% used [0x0000000798800000,0x0000000798800000,0x00000007a3580000)
  from space 11264K, 0% used [0x00000007a4080000,0x00000007a4080000,0x00000007a4b80000)
  to   space 11264K, 0% used [0x00000007a3580000,0x00000007a3580000,0x00000007a4080000)
 ParOldGen       total 64512K, used 12561K [0x0000000749800000, 0x000000074d700000, 0x0000000798800000)
  object space 64512K, 19% used [0x0000000749800000,0x000000074a444698,0x000000074d700000)
 Metaspace       used 33473K, capacity 35476K, committed 35496K, reserved 1079296K
  class space    used 4445K, capacity 4844K, committed 4864K, reserved 1048576K
}
Event: 7.692 GC heap before
{Heap before GC invocations=11 (full 2):
 PSYoungGen      total 188928K, used 177664K [0x0000000798800000, 0x00000007a7680000, 0x00000007c0000000)
  eden space 177664K, 100% used [0x0000000798800000,0x00000007a3580000,0x00000007a3580000)
  from space 11264K, 0% used [0x00000007a4080000,0x00000007a4080000,0x00000007a4b80000)
  to   space 11264K, 0% used [0x00000007a3580000,0x00000007a3580000,0x00000007a4080000)
 ParOldGen       total 64512K, used 12561K [0x0000000749800000, 0x000000074d700000, 0x0000000798800000)
  object space 64512K, 19% used [0x0000000749800000,0x000000074a444698,0x000000074d700000)
 Metaspace       used 42419K, capacity 44822K, committed 44928K, reserved 1087488K
  class space    used 5539K, capacity 5999K, committed 6016K, reserved 1048576K
Event: 7.701 GC heap after
Heap after GC invocations=11 (full 2):
 PSYoungGen      total 188928K, used 11254K [0x0000000798800000, 0x00000007a9b80000, 0x00000007c0000000)
  eden space 177664K, 0% used [0x0000000798800000,0x0000000798800000,0x00000007a3580000)
  from space 11264K, 99% used [0x00000007a3580000,0x00000007a407db78,0x00000007a4080000)
  to   space 12288K, 0% used [0x00000007a8f80000,0x00000007a8f80000,0x00000007a9b80000)
 ParOldGen       total 64512K, used 13213K [0x0000000749800000, 0x000000074d700000, 0x0000000798800000)
  object space 64512K, 20% used [0x0000000749800000,0x000000074a4e74b8,0x000000074d700000)
 Metaspace       used 42419K, capacity 44822K, committed 44928K, reserved 1087488K
  class space    used 5539K, capacity 5999K, committed 6016K, reserved 1048576K
}

